#0 building with "desktop-linux" instance using docker driver

#1 [app internal] load .dockerignore
#1 transferring context: 94B done
#1 DONE 0.0s

#2 [app internal] load build definition from Dockerfile.prod
#2 transferring dockerfile: 430B done
#2 DONE 0.0s

#3 [app internal] load metadata for docker.io/library/node:alpine
#3 ...

#4 [app auth] library/node:pull token for registry-1.docker.io
#4 DONE 0.0s

#5 [app auth] library/nginx:pull token for registry-1.docker.io
#5 DONE 0.0s

#6 [app internal] load metadata for docker.io/library/nginx:1.21.0-alpine
#6 ...

#3 [app internal] load metadata for docker.io/library/node:alpine
#3 DONE 10.1s

#6 [app internal] load metadata for docker.io/library/nginx:1.21.0-alpine
#6 DONE 10.6s

#7 [app builder 1/5] FROM docker.io/library/node:alpine@sha256:9bfaec4816d320226b1533abd5d22d6a888105ee502b820676736de99a198408
#7 DONE 0.0s

#8 [app builder 2/5] WORKDIR /app
#8 CACHED

#9 [app production 1/3] FROM docker.io/library/nginx:1.21.0-alpine@sha256:cc8c413c74aba9fef9dae7f3da736725136bad1e3f24fbc93788aea1944f51c4
#9 CACHED

#10 [app internal] load build context
#10 transferring context: 6.55kB 0.0s done
#10 DONE 0.0s

#11 [app builder 3/5] COPY ./package.json /app
#11 DONE 0.0s

#12 [app builder 4/5] RUN npm install --production
#12 0.660 npm WARN config production Use `--omit=dev` instead.
#12 CANCELED
canceled
